{"uuid":"3989dd48-7426-4268-b57b-90f73ab28c6d","historyId":"7adb2ce3f0c54c1217a418d00bdf1cb8","fullName":"Login functionality: Valid Login","labels":[{"name":"host","value":"Amits-MacBook-Pro.local"},{"name":"thread","value":"8711@Amits-MacBook-Pro.local.main(1)"},{"name":"feature","value":"Login functionality"},{"name":"story","value":"Valid Login"},{"name":"suite","value":"Login functionality"},{"name":"testClass","value":"Valid Login"},{"name":"framework","value":"cucumber4jvm"},{"name":"language","value":"java"},{"name":"gherkin_uri","value":"file:///Users/amitkumarmohanta/eclipse-workspace2/RestoreCucumber/src/test/resources/features/login.feature"},{"name":"package","value":"src.test.resources.features.login_feature.Login functionality"}],"links":[],"name":"Valid Login","status":"failed","statusDetails":{"known":false,"muted":false,"flaky":false,"message":"expected [true] but found [false]","trace":"java.lang.AssertionError: expected [true] but found [false]\n\tat org.testng.Assert.fail(Assert.java:111)\n\tat org.testng.Assert.failNotEquals(Assert.java:1578)\n\tat org.testng.Assert.assertTrue(Assert.java:57)\n\tat org.testng.Assert.assertTrue(Assert.java:67)\n\tat stepdefinitions.LoginSteps.verify_homepage(LoginSteps.java:31)\n\tat ✽.user should land on homepage(file:///Users/amitkumarmohanta/eclipse-workspace2/RestoreCucumber/src/test/resources/features/login.feature:6)\n"},"stage":"finished","steps":[{"name":"Given  user is on login page","status":"passed","statusDetails":{"known":false,"muted":false,"flaky":false},"stage":"finished","steps":[],"attachments":[],"parameters":[],"start":1744427158224,"stop":1744427165490},{"name":"When  user logs in with valid credentials","status":"passed","statusDetails":{"known":false,"muted":false,"flaky":false},"stage":"finished","steps":[],"attachments":[],"parameters":[],"start":1744427165490,"stop":1744427167403},{"name":"Then  user should land on homepage","status":"failed","statusDetails":{"known":false,"muted":false,"flaky":false,"message":"expected [true] but found [false]","trace":"java.lang.AssertionError: expected [true] but found [false]\n\tat org.testng.Assert.fail(Assert.java:111)\n\tat org.testng.Assert.failNotEquals(Assert.java:1578)\n\tat org.testng.Assert.assertTrue(Assert.java:57)\n\tat org.testng.Assert.assertTrue(Assert.java:67)\n\tat stepdefinitions.LoginSteps.verify_homepage(LoginSteps.java:31)\n\tat ✽.user should land on homepage(file:///Users/amitkumarmohanta/eclipse-workspace2/RestoreCucumber/src/test/resources/features/login.feature:6)\n"},"stage":"finished","steps":[],"attachments":[],"parameters":[],"start":1744427167403,"stop":1744427168532}],"attachments":[],"parameters":[],"start":1744427155292,"stop":1744427168535}