{"uuid":"4c8fe86b-c9b9-44ba-ae9d-221676938b31","historyId":"7adb2ce3f0c54c1217a418d00bdf1cb8","fullName":"Login functionality: Valid Login","labels":[{"name":"host","value":"Amits-MacBook-Pro.local"},{"name":"thread","value":"9032@Amits-MacBook-Pro.local.main(1)"},{"name":"feature","value":"Login functionality"},{"name":"story","value":"Valid Login"},{"name":"suite","value":"Login functionality"},{"name":"testClass","value":"Valid Login"},{"name":"framework","value":"cucumber4jvm"},{"name":"language","value":"java"},{"name":"gherkin_uri","value":"file:///Users/amitkumarmohanta/eclipse-workspace2/RestoreCucumber/src/test/resources/features/login.feature"},{"name":"package","value":"src.test.resources.features.login_feature.Login functionality"}],"links":[],"name":"Valid Login","status":"failed","statusDetails":{"known":false,"muted":false,"flaky":false,"message":"expected [true] but found [false]","trace":"java.lang.AssertionError: expected [true] but found [false]\n\tat org.testng.Assert.fail(Assert.java:111)\n\tat org.testng.Assert.failNotEquals(Assert.java:1578)\n\tat org.testng.Assert.assertTrue(Assert.java:57)\n\tat org.testng.Assert.assertTrue(Assert.java:67)\n\tat stepdefinitions.LoginSteps.verify_homepage(LoginSteps.java:31)\n\tat ✽.user should land on homepage(file:///Users/amitkumarmohanta/eclipse-workspace2/RestoreCucumber/src/test/resources/features/login.feature:6)\n"},"stage":"finished","steps":[{"name":"Given  user is on login page","status":"passed","statusDetails":{"known":false,"muted":false,"flaky":false},"stage":"finished","steps":[],"attachments":[],"parameters":[],"start":1744427433151,"stop":1744427436794},{"name":"When  user logs in with valid credentials","status":"passed","statusDetails":{"known":false,"muted":false,"flaky":false},"stage":"finished","steps":[],"attachments":[],"parameters":[],"start":1744427436794,"stop":1744427443670},{"name":"Then  user should land on homepage","status":"failed","statusDetails":{"known":false,"muted":false,"flaky":false,"message":"expected [true] but found [false]","trace":"java.lang.AssertionError: expected [true] but found [false]\n\tat org.testng.Assert.fail(Assert.java:111)\n\tat org.testng.Assert.failNotEquals(Assert.java:1578)\n\tat org.testng.Assert.assertTrue(Assert.java:57)\n\tat org.testng.Assert.assertTrue(Assert.java:67)\n\tat stepdefinitions.LoginSteps.verify_homepage(LoginSteps.java:31)\n\tat ✽.user should land on homepage(file:///Users/amitkumarmohanta/eclipse-workspace2/RestoreCucumber/src/test/resources/features/login.feature:6)\n"},"stage":"finished","steps":[],"attachments":[],"parameters":[],"start":1744427443671,"stop":1744427443693}],"attachments":[],"parameters":[],"start":1744427426880,"stop":1744427443695}